{"message":"Unauthorized request to path: /","level":"error"}
{"message":"Unauthorized request to path: /","level":"error"}
{"message":"Unauthorized request to path: /","level":"error"}
{"message":"Unauthorized request to path: /","level":"error"}
{"message":"Unauthorized request to path: /","level":"error"}
{"message":"Unauthorized request to path: /","level":"error"}
{"message":"Unauthorized request to path: /","level":"error"}
{"message":"Bookmark not found","level":"error"}
{"message":"Unauthorized request to path: /bookmark","level":"error"}
{"message":"Bookmark not found","level":"error"}
{"message":"Bookmark not found","level":"error"}
{"message":"Unauthorized request to path: /bookmarks","level":"error"}
{"message":"Unauthorized request to path: /bookmarks","level":"error"}
{"message":"Unauthorized request to path: /bookmarks/1","level":"error"}
{"message":"Unauthorized request to path: /bookmarks/3","level":"error"}
{"message":"Unauthorized request to path: /bookmarks","level":"error"}
{"message":"Unauthorized request to path: /bookmarks","level":"error"}
{"message":"Unauthorized request to path: /bookmarks/1","level":"error"}
{"message":"Unauthorized request to path: /bookmarks/3","level":"error"}
{"message":"Bookmark not found","level":"error"}
{"message":"Bookmark not found","level":"error"}
{"message":"Bookmark deleted","level":"info"}
{"message":"title is required","level":"error"}
{"message":"url is required","level":"error"}
{"message":"Invalid URL","level":"error"}
{"message":"rating is required","level":"error"}
{"message":"Invalid rating","level":"error"}
{"message":"Bookmark created","level":"info"}
{"message":"Bookmark not found","level":"error"}
{"message":"Bookmark not found","level":"error"}
{"message":"Bookmark deleted","level":"info"}
{"message":"title is required","level":"error"}
{"message":"url is required","level":"error"}
{"message":"Invalid URL","level":"error"}
{"message":"rating is required","level":"error"}
{"message":"Invalid rating","level":"error"}
{"message":"Bookmark created","level":"info"}
{"message":"Bookmark not found","level":"error"}
{"message":"Bookmark not found","level":"error"}
{"message":"Bookmark deleted","level":"info"}
{"message":"title is required","level":"error"}
{"message":"url is required","level":"error"}
{"message":"Invalid URL","level":"error"}
{"message":"rating is required","level":"error"}
{"message":"Invalid rating","level":"error"}
{"message":"Bookmark created","level":"info"}
{"message":"Bookmark not found","level":"error"}
{"message":"Bookmark not found","level":"error"}
{"message":"Bookmark deleted","level":"info"}
{"message":"title is required","level":"error"}
{"message":"url is required","level":"error"}
{"message":"Invalid URL","level":"error"}
{"message":"rating is required","level":"error"}
{"message":"Invalid rating","level":"error"}
{"message":"Bookmark created","level":"info"}
{"message":"Bookmark not found","level":"error"}
{"message":"Bookmark not found","level":"error"}
{"message":"Bookmark deleted","level":"info"}
{"message":"title is required","level":"error"}
{"message":"url is required","level":"error"}
{"message":"Invalid URL","level":"error"}
{"message":"rating is required","level":"error"}
{"message":"Invalid rating","level":"error"}
{"message":"Bookmark created","level":"info"}
{"message":"Bookmark not found","level":"error"}
{"message":"Bookmark not found","level":"error"}
{"message":"Bookmark deleted","level":"info"}
{"message":"title is required","level":"error"}
{"message":"url is required","level":"error"}
{"message":"Invalid URL","level":"error"}
{"message":"rating is required","level":"error"}
{"message":"Invalid rating","level":"error"}
{"message":"Bookmark created","level":"info"}
